<?xml version="1.0" encoding="UTF-8"?>
<!-- Generated by org.testng.reporters.JUnitXMLReporter -->
<testsuite ignored="0" hostname="DESKTOP-99VVT3M" failures="0" tests="3" name="Test" time="32.728" errors="0" timestamp="2023-03-13T23:07:22 IST">
  <testcase classname="Test_Scenarios.TestMethod_GoogleSearch" name="searchoperation" time="2.282"/>
  <testcase classname="Test_Scenarios.TestMethod_GoogleSearch" name="FacebookVerify" time="6.265"/>
  <testcase classname="Test_Scenarios.TestMethod_GoogleSearch" name="FacebookOperation" time="11.584"/>
</testsuite> <!-- Test -->
